Crashlog created at 2014-08-08 00:26:00 +0800

===== MESSAGE:

RuntimeError: Found 4 content files for content/ljs/assets/css/less/page; expected 0 or 1

===== COMPILATION STACK:

  (empty)

===== STACK TRACE:

  0. /Users/stliu/.rvm/gems/ruby-1.9.3-p547/gems/nanoc-3.7.0/lib/nanoc/data_sources/filesystem.rb:168:in `block in all_split_files_in'
  1. /Users/stliu/.rvm/gems/ruby-1.9.3-p547/gems/nanoc-3.7.0/lib/nanoc/data_sources/filesystem.rb:158:in `each_pair'
  2. /Users/stliu/.rvm/gems/ruby-1.9.3-p547/gems/nanoc-3.7.0/lib/nanoc/data_sources/filesystem.rb:158:in `all_split_files_in'
  3. /Users/stliu/.rvm/gems/ruby-1.9.3-p547/gems/nanoc-3.7.0/lib/nanoc/data_sources/filesystem.rb:86:in `load_objects'
  4. /Users/stliu/.rvm/gems/ruby-1.9.3-p547/gems/nanoc-3.7.0/lib/nanoc/data_sources/filesystem.rb:45:in `items'
  5. /Users/stliu/.rvm/gems/ruby-1.9.3-p547/gems/nanoc-3.7.0/lib/nanoc/base/source_data/site.rb:334:in `block in load_items'
  6. /Users/stliu/.rvm/gems/ruby-1.9.3-p547/gems/nanoc-3.7.0/lib/nanoc/base/source_data/site.rb:333:in `each'
  7. /Users/stliu/.rvm/gems/ruby-1.9.3-p547/gems/nanoc-3.7.0/lib/nanoc/base/source_data/site.rb:333:in `load_items'
  8. /Users/stliu/.rvm/gems/ruby-1.9.3-p547/gems/nanoc-3.7.0/lib/nanoc/base/source_data/site.rb:244:in `load'
  9. /Users/stliu/.rvm/gems/ruby-1.9.3-p547/gems/nanoc-3.7.0/lib/nanoc/base/source_data/site.rb:128:in `layouts'
  10. /Users/stliu/.rvm/gems/ruby-1.9.3-p547/gems/nanoc-3.7.0/lib/nanoc/base/compilation/compiler.rb:188:in `dependency_tracker'
  11. /Users/stliu/.rvm/gems/ruby-1.9.3-p547/gems/nanoc-3.7.0/lib/nanoc/base/memoization.rb:56:in `block in memoize'
  12. /Users/stliu/.rvm/gems/ruby-1.9.3-p547/gems/nanoc-3.7.0/lib/nanoc/base/compilation/compiler.rb:459:in `stores'
  13. /Users/stliu/.rvm/gems/ruby-1.9.3-p547/gems/nanoc-3.7.0/lib/nanoc/base/compilation/compiler.rb:147:in `unload'
  14. /Users/stliu/.rvm/gems/ruby-1.9.3-p547/gems/nanoc-3.7.0/lib/nanoc/base/source_data/site.rb:279:in `unload'
  15. /Users/stliu/.rvm/gems/ruby-1.9.3-p547/gems/nanoc-3.7.0/lib/nanoc/base/source_data/site.rb:259:in `rescue in load'
  16. /Users/stliu/.rvm/gems/ruby-1.9.3-p547/gems/nanoc-3.7.0/lib/nanoc/base/source_data/site.rb:263:in `load'
  17. /Users/stliu/.rvm/gems/ruby-1.9.3-p547/gems/nanoc-3.7.0/lib/nanoc/cli/command_runner.rb:63:in `load_site'
  18. /Users/stliu/.rvm/gems/ruby-1.9.3-p547/gems/nanoc-3.7.0/lib/nanoc/cli/commands/compile.rb:392:in `run'
  19. /Users/stliu/.rvm/gems/ruby-1.9.3-p547/gems/nanoc-3.7.0/lib/nanoc/cli/command_runner.rb:14:in `block in call'
  20. /Users/stliu/.rvm/gems/ruby-1.9.3-p547/gems/nanoc-3.7.0/lib/nanoc/cli/error_handler.rb:74:in `handle_while'
  21. /Users/stliu/.rvm/gems/ruby-1.9.3-p547/gems/nanoc-3.7.0/lib/nanoc/cli/error_handler.rb:26:in `handle_while'
  22. /Users/stliu/.rvm/gems/ruby-1.9.3-p547/gems/nanoc-3.7.0/lib/nanoc/cli/command_runner.rb:13:in `call'
  23. /Users/stliu/.rvm/gems/ruby-1.9.3-p547/gems/cri-2.6.1/lib/cri/command_dsl.rb:223:in `block in runner'
  24. /Users/stliu/.rvm/gems/ruby-1.9.3-p547/gems/cri-2.6.1/lib/cri/command.rb:298:in `call'
  25. /Users/stliu/.rvm/gems/ruby-1.9.3-p547/gems/cri-2.6.1/lib/cri/command.rb:298:in `run_this'
  26. /Users/stliu/.rvm/gems/ruby-1.9.3-p547/gems/cri-2.6.1/lib/cri/command.rb:251:in `run'
  27. /Users/stliu/.rvm/gems/ruby-1.9.3-p547/gems/cri-2.6.1/lib/cri/command.rb:264:in `run'
  28. /Users/stliu/.rvm/gems/ruby-1.9.3-p547/gems/nanoc-3.7.0/lib/nanoc/cli.rb:59:in `block in run'
  29. /Users/stliu/.rvm/gems/ruby-1.9.3-p547/gems/nanoc-3.7.0/lib/nanoc/cli/error_handler.rb:74:in `handle_while'
  30. /Users/stliu/.rvm/gems/ruby-1.9.3-p547/gems/nanoc-3.7.0/lib/nanoc/cli/error_handler.rb:26:in `handle_while'
  31. /Users/stliu/.rvm/gems/ruby-1.9.3-p547/gems/nanoc-3.7.0/lib/nanoc/cli.rb:57:in `run'
  32. /Users/stliu/.rvm/gems/ruby-1.9.3-p547/gems/nanoc-3.7.0/bin/nanoc:20:in `<top (required)>'
  33. /Users/stliu/.rvm/gems/ruby-1.9.3-p547/bin/nanoc:23:in `load'
  34. /Users/stliu/.rvm/gems/ruby-1.9.3-p547/bin/nanoc:23:in `<main>'
  35. /Users/stliu/.rvm/gems/ruby-1.9.3-p547/bin/ruby_executable_hooks:15:in `eval'

===== VERSION INFORMATION:

nanoc 3.7.0 © 2007-2014 Denis Defreyne.
Running ruby 1.9.3 (2014-05-14) on x86_64-darwin13.3.0 with RubyGems 2.2.2.

===== SYSTEM INFORMATION:

Darwin stliu-mbp.local 13.3.0 Darwin Kernel Version 13.3.0: Tue Jun  3 21:27:35 PDT 2014; root:xnu-2422.110.17~1/RELEASE_X86_64 x86_64

===== INSTALLED GEMS:

  adsf 1.2.0
  builder 3.2.2
  bundler 1.6.3
  coderay 1.1.0
  colored 1.2
  cri 2.6.1
  daemons 1.1.9
  ethon 0.7.0
  eventmachine 1.0.3
  ffi 1.9.3
  fssm 0.2.10
  html-proofer 0.6.8
  kramdown 0.13.8
  mercenary 0.3.3
  mime-types 1.25.1
  mini_portile 0.6.0
  nanoc 3.7.0
  nokogiri 1.6.2.1
  rack 1.5.2
  rake 0.9.6
  rouge 1.4.0
  thin 1.6.2
  typhoeus 0.6.8
  yajl-ruby 0.8.3
  yell 2.0.4

===== ENVIRONMENT:

Apple_PubSub_Socket_Render => "/tmp/launch-xp0J4q/Render"
BUNDLE_BIN_PATH => "/Users/stliu/.rvm/gems/ruby-1.9.3-p547/gems/bundler-1.6.3/bin/bundle"
BUNDLE_GEMFILE => "/Users/stliu/projects/easemob/www.easemob.com/Gemfile"
CLICOLOR => "1"
COLORFGBG => "12;8"
DISPLAY => "/tmp/launch-SIThyH/org.macosforge.xquartz:0"
EDITOR => "vim"
GEM_HOME => "/Users/stliu/.rvm/gems/ruby-1.9.3-p547"
GEM_PATH => "/Users/stliu/.rvm/gems/ruby-1.9.3-p547:/Users/stliu/.rvm/gems/ruby-1.9.3-p547@global"
GREP_COLOR => "1;32"
GREP_OPTIONS => "--color=auto --exclude-dir=.cvs --exclude-dir=.git --exclude-dir=.hg --exclude-dir=.svn"
HOME => "/Users/stliu"
IRBRC => "/Users/stliu/.rvm/rubies/ruby-1.9.3-p547/.irbrc"
ITERM_PROFILE => "Default"
ITERM_SESSION_ID => "w2t8p0"
JAVA_HOME => "/Library/Java/JavaVirtualMachines/jdk1.8.0_05.jdk/Contents/Home"
JAVA_OPTS => "-server -Xms1724M -Xmx1724M -XX:MaxNewSize=564M  -Xss4096k -Xverify:none -XX:+UseConcMarkSweepGC  -XX:+CMSClassUnloadingEnabled"
JVM_OPTS => "-server -Xms1724M -Xmx1724M -XX:MaxNewSize=564M  -Xss4096k -Xverify:none -XX:+UseConcMarkSweepGC  -XX:+CMSClassUnloadingEnabled"
LANG => "en_US.UTF-8"
LANGUAGE => "en_US.UTF-8"
LC_ALL => "en_US.UTF-8"
LC_CTYPE => ""
LESS => "-R"
LOGNAME => "stliu"
LSCOLORS => "Gxfxcxdxbxegedabagacad"
MANPATH => "/Users/stliu/.rvm/gems/ruby-1.9.3-p547/gems/kramdown-0.13.8/man"
MAVEN_OPTS => "-server -Xms1724M -Xmx1724M -XX:MaxNewSize=564M  -Xss4096k -Xverify:none -XX:+UseConcMarkSweepGC  -XX:+CMSClassUnloadingEnabled"
MY_RUBY_HOME => "/Users/stliu/.rvm/rubies/ruby-1.9.3-p547"
OLDPWD => "/Users/stliu"
PAGER => "less"
PATH => "/Users/stliu/.rvm/gems/ruby-1.9.3-p547/bin:/Users/stliu/.rvm/gems/ruby-1.9.3-p547@global/bin:/Users/stliu/.rvm/rubies/ruby-1.9.3-p547/bin:/Users/stliu/.rvm/bin:/usr/local/bin:/usr/local/sbin:/Library/Java/JavaVirtualMachines/jdk1.8.0_05.jdk/Contents/Home/bin:/Users/stliu/tools/bin:/Users/stliu/bin:/usr/bin:/bin:/usr/sbin:/sbin:/opt/X11/bin:/Users/stliu/tools/android-sdk-macosx/platform-tools"
POWERLINE_COMMAND => "powerline"
PWD => "/Users/stliu/projects/easemob/www.easemob.com"
RUBYLIB => "/Users/stliu/.rvm/gems/ruby-1.9.3-p547/gems/bundler-1.6.3/lib"
RUBYOPT => "-rbundler/setup"
RUBY_VERSION => "ruby-1.9.3-p547"
SHELL => "/bin/zsh"
SHLVL => "1"
SSH_AUTH_SOCK => "/tmp/launch-TuF5Oq/Listeners"
TERM => "xterm-256color"
TERM_PROGRAM => "iTerm.app"
TMPDIR => "/var/folders/3r/6555bxnn17bfpfhh1qmn8c240000gn/T/"
TOOLS_HOME => "/Users/stliu/tools"
USER => "stliu"
ZSH => "/Users/stliu/.oh-my-zsh"
_ => "/Users/stliu/.rvm/gems/ruby-1.9.3-p547/bin/bundle"
_ORIGINAL_GEM_PATH => "/Users/stliu/.rvm/gems/ruby-1.9.3-p547:/Users/stliu/.rvm/gems/ruby-1.9.3-p547@global"
_POWERLINE_DEFAULT_MODE => "emacs"
_POWERLINE_MODE => "emacs"
__CF_USER_TEXT_ENCODING => "0x1F5:0:0"
__CHECKFIX1436934 => "1"
_system_arch => "x86_64"
_system_name => "OSX"
_system_type => "Darwin"
_system_version => "10.9"
rvm_alias_expanded => ""
rvm_bin_flag => ""
rvm_bin_path => "/Users/stliu/.rvm/bin"
rvm_delete_flag => "0"
rvm_docs_type => ""
rvm_file_name => ""
rvm_gemstone_package_file => ""
rvm_gemstone_url => ""
rvm_niceness => ""
rvm_nightly_flag => ""
rvm_only_path_flag => ""
rvm_path => "/Users/stliu/.rvm"
rvm_prefix => "/Users/stliu"
rvm_proxy => ""
rvm_quiet_flag => ""
rvm_ruby_alias => ""
rvm_ruby_bits => ""
rvm_ruby_file => ""
rvm_ruby_make => ""
rvm_ruby_make_install => ""
rvm_ruby_mode => ""
rvm_ruby_string => "ruby-1.9.3-p547"
rvm_script_name => ""
rvm_sdk => ""
rvm_silent_flag => ""
rvm_sticky_flag => ""
rvm_system_flag => ""
rvm_use_flag => ""
rvm_user_flag => ""
rvm_version => "1.25.28 (stable)"
rvm_wrapper_name => ""

===== GEMFILE.LOCK:

GEM
  remote: http://rubygems.org/
  specs:
    adsf (1.2.0)
      rack (>= 1.0.0)
    builder (3.2.2)
    coderay (1.1.0)
    colored (1.2)
    cri (2.6.1)
      colored (~> 1.2)
    daemons (1.1.9)
    ethon (0.7.0)
      ffi (>= 1.3.0)
    eventmachine (1.0.3)
    ffi (1.9.3)
    fssm (0.2.10)
    html-proofer (0.6.8)
      colored (~> 1.2)
      mercenary (~> 0.3.2)
      nokogiri (~> 1.6.0)
      typhoeus (~> 0.6.7)
      yell (~> 2.0)
    kramdown (0.13.8)
    mercenary (0.3.3)
    mime-types (1.25.1)
    mini_portile (0.6.0)
    nanoc (3.7.0)
      cri (~> 2.3)
    nokogiri (1.6.2.1)
      mini_portile (= 0.6.0)
    rack (1.5.2)
    rake (0.9.6)
    rouge (1.4.0)
    thin (1.6.2)
      daemons (>= 1.0.9)
      eventmachine (>= 1.0.0)
      rack (>= 1.0.0)
    typhoeus (0.6.8)
      ethon (>= 0.7.0)
    yajl-ruby (0.8.3)
    yell (2.0.4)

PLATFORMS
  ruby

DEPENDENCIES
  adsf
  builder
  coderay
  fssm
  html-proofer (~> 0.6.1)
  kramdown (~> 0.13.2)
  mime-types (~> 1.16)
  nanoc (~> 3.7)
  nokogiri (~> 1.6.0)
  rake (~> 0.9.2)
  rouge (~> 1.4)
  thin
  yajl-ruby (~> 0.8.2)

===== LOAD PATHS:

  0. /Users/stliu/.rvm/gems/ruby-1.9.3-p547/gems/nanoc-3.7.0/lib
  1. /Users/stliu/.rvm/gems/ruby-1.9.3-p547/extensions/x86_64-darwin-13/1.9.1/yajl-ruby-0.8.3
  2. /Users/stliu/.rvm/gems/ruby-1.9.3-p547/gems/yajl-ruby-0.8.3/lib
  3. /Users/stliu/.rvm/gems/ruby-1.9.3-p547/gems/yajl-ruby-0.8.3/ext
  4. /Users/stliu/.rvm/gems/ruby-1.9.3-p547/extensions/x86_64-darwin-13/1.9.1/thin-1.6.2
  5. /Users/stliu/.rvm/gems/ruby-1.9.3-p547/gems/thin-1.6.2/lib
  6. /Users/stliu/.rvm/gems/ruby-1.9.3-p547/gems/rouge-1.4.0/lib
  7. /Users/stliu/.rvm/gems/ruby-1.9.3-p547/gems/nanoc-3.7.0/lib
  8. /Users/stliu/.rvm/gems/ruby-1.9.3-p547/gems/mime-types-1.25.1/lib
  9. /Users/stliu/.rvm/gems/ruby-1.9.3-p547/gems/kramdown-0.13.8/lib
  10. /Users/stliu/.rvm/gems/ruby-1.9.3-p547/gems/html-proofer-0.6.8/lib
  11. /Users/stliu/.rvm/gems/ruby-1.9.3-p547/gems/yell-2.0.4/lib
  12. /Users/stliu/.rvm/gems/ruby-1.9.3-p547/gems/typhoeus-0.6.8/lib
  13. /Users/stliu/.rvm/gems/ruby-1.9.3-p547/extensions/x86_64-darwin-13/1.9.1/nokogiri-1.6.2.1
  14. /Users/stliu/.rvm/gems/ruby-1.9.3-p547/gems/nokogiri-1.6.2.1/lib
  15. /Users/stliu/.rvm/gems/ruby-1.9.3-p547/gems/mini_portile-0.6.0/lib
  16. /Users/stliu/.rvm/gems/ruby-1.9.3-p547/gems/mercenary-0.3.3/lib
  17. /Users/stliu/.rvm/gems/ruby-1.9.3-p547/gems/fssm-0.2.10/lib
  18. /Users/stliu/.rvm/gems/ruby-1.9.3-p547/extensions/x86_64-darwin-13/1.9.1/eventmachine-1.0.3
  19. /Users/stliu/.rvm/gems/ruby-1.9.3-p547/gems/eventmachine-1.0.3/lib
  20. /Users/stliu/.rvm/gems/ruby-1.9.3-p547/gems/ethon-0.7.0/lib
  21. /Users/stliu/.rvm/gems/ruby-1.9.3-p547/extensions/x86_64-darwin-13/1.9.1/ffi-1.9.3
  22. /Users/stliu/.rvm/gems/ruby-1.9.3-p547/gems/ffi-1.9.3/lib
  23. /Users/stliu/.rvm/gems/ruby-1.9.3-p547/gems/ffi-1.9.3/ext/ffi_c
  24. /Users/stliu/.rvm/gems/ruby-1.9.3-p547/gems/daemons-1.1.9/lib
  25. /Users/stliu/.rvm/gems/ruby-1.9.3-p547/gems/cri-2.6.1/lib
  26. /Users/stliu/.rvm/gems/ruby-1.9.3-p547/gems/colored-1.2/lib
  27. /Users/stliu/.rvm/gems/ruby-1.9.3-p547/gems/coderay-1.1.0/lib
  28. /Users/stliu/.rvm/gems/ruby-1.9.3-p547/gems/builder-3.2.2/lib
  29. /Users/stliu/.rvm/gems/ruby-1.9.3-p547/gems/adsf-1.2.0/lib
  30. /Users/stliu/.rvm/gems/ruby-1.9.3-p547/gems/rack-1.5.2/lib
  31. /Users/stliu/.rvm/gems/ruby-1.9.3-p547/gems/rake-0.9.6/lib
  32. /Users/stliu/.rvm/gems/ruby-1.9.3-p547/gems/bundler-1.6.3/lib
  33. /Users/stliu/.rvm/rubies/ruby-1.9.3-p547/lib/ruby/site_ruby/1.9.1
  34. /Users/stliu/.rvm/rubies/ruby-1.9.3-p547/lib/ruby/site_ruby/1.9.1/x86_64-darwin13.3.0
  35. /Users/stliu/.rvm/rubies/ruby-1.9.3-p547/lib/ruby/site_ruby
  36. /Users/stliu/.rvm/rubies/ruby-1.9.3-p547/lib/ruby/vendor_ruby/1.9.1
  37. /Users/stliu/.rvm/rubies/ruby-1.9.3-p547/lib/ruby/vendor_ruby/1.9.1/x86_64-darwin13.3.0
  38. /Users/stliu/.rvm/rubies/ruby-1.9.3-p547/lib/ruby/vendor_ruby
  39. /Users/stliu/.rvm/rubies/ruby-1.9.3-p547/lib/ruby/1.9.1
  40. /Users/stliu/.rvm/rubies/ruby-1.9.3-p547/lib/ruby/1.9.1/x86_64-darwin13.3.0
